#
# There is insufficient memory for the Java Runtime Environment to continue.
# Native memory allocation (malloc) failed to allocate 1048576 bytes for AllocateHeap
# Possible reasons:
#   The system is out of physical RAM or swap space
#   The process is running with CompressedOops enabled, and the Java Heap may be blocking the growth of the native heap
# Possible solutions:
#   Reduce memory load on the system
#   Increase physical memory or swap space
#   Check if swap backing store is full
#   Decrease Java heap size (-Xmx/-Xms)
#   Decrease number of Java threads
#   Decrease Java thread stack sizes (-Xss)
#   Set larger code cache with -XX:ReservedCodeCacheSize=
#   JVM is running with Unscaled Compressed Oops mode in which the Java heap is
#     placed in the first 4GB address space. The Java Heap base address is the
#     maximum limit for the native heap growth. Please use -XX:HeapBaseMinAddress
#     to set the Java Heap base and to place the Java Heap above 4GB virtual address.
# This output file may be truncated or incomplete.
#
#  Out of Memory Error (memory/allocation.inline.hpp:61), pid=20280, tid=0x0000000000002f80
#
# JRE version:  (8.0_201-b09) (build )
# Java VM: Java HotSpot(TM) 64-Bit Server VM (25.201-b09 mixed mode windows-amd64 compressed oops)
# Failed to write core dump. Minidumps are not enabled by default on client versions of Windows
#

---------------  T H R E A D  ---------------

Current thread (0x00000000033dd800):  JavaThread "Unknown thread" [_thread_in_vm, id=12160, stack(0x0000000003230000,0x0000000003330000)]

Stack: [0x0000000003230000,0x0000000003330000]
[error occurred during error reporting (printing stack bounds), id 0xc0000005]

Native frames: (J=compiled Java code, j=interpreted, Vv=VM code, C=native code)


---------------  P R O C E S S  ---------------

Java Threads: ( => current thread )

Other Threads:

=>0x00000000033dd800 (exited) JavaThread "Unknown thread" [_thread_in_vm, id=12160, stack(0x0000000003230000,0x0000000003330000)]

VM state:not at safepoint (normal execution)

VM Mutex/Monitor currently owned by a thread: None

heap address: 0x00000000c2000000, size: 992 MB, Compressed Oops mode: 32-bit
Narrow klass base: 0x0000000000000000, Narrow klass shift: 3
Compressed class space size: 1073741824 Address: 0x0000000100000000

Heap:
 PSYoungGen      total 18432K, used 317K [0x00000000eb580000, 0x00000000eca00000, 0x0000000100000000)
  eden space 15872K, 2% used [0x00000000eb580000,0x00000000eb5cf5d0,0x00000000ec500000)
  from space 2560K, 0% used [0x00000000ec780000,0x00000000ec780000,0x00000000eca00000)
  to   space 2560K, 0% used [0x00000000ec500000,0x00000000ec500000,0x00000000ec780000)
 ParOldGen       total 42496K, used 0K [0x00000000c2000000, 0x00000000c4980000, 0x00000000eb580000)
  object space 42496K, 0% used [0x00000000c2000000,0x00000000c2000000,0x00000000c4980000)
 Metaspace       used 751K, capacity 4480K, committed 4480K, reserved 1056768K
  class space    used 76K, capacity 384K, committed 384K, reserved 1048576K

Card table byte_map: [0x00000000128a0000,0x0000000012aa0000] byte_map_base: 0x0000000012290000

Marking Bits: (ParMarkBitMap*) 0x00000000714e4ce0
 Begin Bits: [0x00000000133f0000, 0x0000000014370000)
 End Bits:   [0x0000000014370000, 0x00000000152f0000)

Polling page: 0x0000000001210000

CodeCache: size=245760Kb used=328Kb max_used=328Kb free=245431Kb
 bounds [0x00000000034e0000, 0x0000000003750000, 0x00000000124e0000]
 total_blobs=58 nmethods=0 adapters=38
 compilation: enabled

Compilation events (0 events):
No events

GC Heap History (0 events):
No events

Deoptimization events (0 events):
No events

Classes redefined (0 events):
No events

Internal exceptions (0 events):
No events

Events (10 events):
Event: 0.084 loading class java/lang/Short
Event: 0.084 loading class java/lang/Short done
Event: 0.084 loading class java/lang/Integer
Event: 0.084 loading class java/lang/Integer done
Event: 0.084 loading class java/lang/Long
Event: 0.084 loading class java/lang/Long done
Event: 0.084 loading class java/lang/NullPointerException
Event: 0.084 loading class java/lang/NullPointerException done
Event: 0.084 loading class java/lang/ArithmeticException
Event: 0.085 loading class java/lang/ArithmeticException done


Dynamic libraries:
0x00007ff71e4b0000 - 0x00007ff71e4e7000 	C:\Program Files\Java\jre1.8.0_201\bin\javaw.exe
0x00007ffe202e0000 - 0x00007ffe204c1000 	C:\WINDOWS\SYSTEM32\ntdll.dll
0x00007ffe1eb40000 - 0x00007ffe1ebf2000 	C:\WINDOWS\System32\KERNEL32.DLL
0x00007ffe1c7c0000 - 0x00007ffe1ca33000 	C:\WINDOWS\System32\KERNELBASE.dll
0x00007ffe1e530000 - 0x00007ffe1e5d1000 	C:\WINDOWS\System32\ADVAPI32.dll
0x00007ffe1ed40000 - 0x00007ffe1edde000 	C:\WINDOWS\System32\msvcrt.dll
0x00007ffe1da10000 - 0x00007ffe1da6b000 	C:\WINDOWS\System32\sechost.dll
0x00007ffe1e280000 - 0x00007ffe1e3a4000 	C:\WINDOWS\System32\RPCRT4.dll
0x00007ffe1e950000 - 0x00007ffe1eae0000 	C:\WINDOWS\System32\USER32.dll
0x00007ffe1c7a0000 - 0x00007ffe1c7c0000 	C:\WINDOWS\System32\win32u.dll
0x00007ffe1e920000 - 0x00007ffe1e948000 	C:\WINDOWS\System32\GDI32.dll
0x00007ffe1d4d0000 - 0x00007ffe1d662000 	C:\WINDOWS\System32\gdi32full.dll
0x00007ffe1c700000 - 0x00007ffe1c79f000 	C:\WINDOWS\System32\msvcp_win.dll
0x00007ffe1d670000 - 0x00007ffe1d768000 	C:\WINDOWS\System32\ucrtbase.dll
0x00007ffe10ec0000 - 0x00007ffe11129000 	C:\WINDOWS\WinSxS\amd64_microsoft.windows.common-controls_6595b64144ccf1df_6.0.17134.648_none_fb45a0e93062a6d2\COMCTL32.dll
0x00007ffe1e5e0000 - 0x00007ffe1e902000 	C:\WINDOWS\System32\combase.dll
0x00007ffe1d450000 - 0x00007ffe1d4ca000 	C:\WINDOWS\System32\bcryptPrimitives.dll
0x00007ffe1db60000 - 0x00007ffe1db8d000 	C:\WINDOWS\System32\IMM32.DLL
0x0000000070be0000 - 0x0000000070cb1000 	C:\Program Files\Java\jre1.8.0_201\bin\msvcr100.dll
0x0000000070cc0000 - 0x0000000071564000 	C:\Program Files\Java\jre1.8.0_201\bin\server\jvm.dll
0x00007ffe20220000 - 0x00007ffe20228000 	C:\WINDOWS\System32\PSAPI.DLL
0x00007ffe132b0000 - 0x00007ffe132ba000 	C:\WINDOWS\SYSTEM32\VERSION.dll
0x00007ffe14490000 - 0x00007ffe144b3000 	C:\WINDOWS\SYSTEM32\WINMM.dll
0x00007ffe17610000 - 0x00007ffe17619000 	C:\WINDOWS\SYSTEM32\WSOCK32.dll
0x00007ffe1ecd0000 - 0x00007ffe1ed3c000 	C:\WINDOWS\System32\WS2_32.dll
0x00007ffe14260000 - 0x00007ffe1428a000 	C:\WINDOWS\SYSTEM32\WINMMBASE.dll
0x00007ffe1c6b0000 - 0x00007ffe1c6f9000 	C:\WINDOWS\System32\cfgmgr32.dll
0x00007ffe17120000 - 0x00007ffe1712f000 	C:\Program Files\Java\jre1.8.0_201\bin\verify.dll
0x00007ffe10b40000 - 0x00007ffe10b69000 	C:\Program Files\Java\jre1.8.0_201\bin\java.dll
0x00007ffe142c0000 - 0x00007ffe142d6000 	C:\Program Files\Java\jre1.8.0_201\bin\zip.dll

VM Arguments:
jvm_args: -Dfile.encoding=MS949 
java_command: Main
java_class_path (initial): C:\Users\Sun\eclipse\java-2018-12\eclipse\Iam\bin
Launcher Type: SUN_STANDARD

Environment Variables:
JAVA_HOME=C:\Program Files\Java\jdk-9.0.4
PATH=C:/Program Files/Java/jre1.8.0_201/bin/server;C:/Program Files/Java/jre1.8.0_201/bin;C:/Program Files/Java/jre1.8.0_201/lib/amd64;C:\Program Files (x86)\Common Files\Oracle\Java\javapath;C:\Program Files\Java\jdk1.8.0_201\bin;C:\WINDOWS\system32;C:\Users\Sun\AppData\Local\Programs\Python\Python37\Scripts\;C:\Users\Sun\AppData\Local\Programs\Python\Python37\;C:\Users\Sun\AppData\Local\Microsoft\WindowsApps;C:\Program Files\Bandizip\;C:\Users\Sun\AppData\Local\Programs\Microsoft VS Code\bin;C:\Users\Sun\Desktop;
USERNAME=Sun
OS=Windows_NT
PROCESSOR_IDENTIFIER=Intel64 Family 6 Model 142 Stepping 10, GenuineIntel



---------------  S Y S T E M  ---------------

OS: Windows 10.0 , 64 bit Build 17134 (10.0.17134.648)

CPU:total 8 (initial active 8) (4 cores per cpu, 2 threads per core) family 6 model 142 stepping 10, cmov, cx8, fxsr, mmx, sse, sse2, sse3, ssse3, sse4.1, sse4.2, popcnt, avx, avx2, aes, clmul, erms, 3dnowpref, lzcnt, ht, tsc, tscinvbit, bmi1, bmi2, adx

Memory: 4k page, physical 4057484k(551824k free), swap 16640396k(5668k free)

vm_info: Java HotSpot(TM) 64-Bit Server VM (25.201-b09) for windows-amd64 JRE (1.8.0_201-b09), built on Dec 15 2018 18:36:39 by "java_re" with MS VC++ 10.0 (VS2010)

time: Wed Mar 20 21:22:44 2019
timezone: 대한민국 표준시
elapsed time: 0 seconds (0d 0h 0m 0s)

